#! /c/Source/iverilog-install/bin/vvp
:ivl_version "12.0 (devel)" "(s20150603-1539-g2693dd32b)";
:ivl_delay_selection "TYPICAL";
:vpi_time_precision + 0;
:vpi_module "C:\iverilog\lib\ivl\system.vpi";
:vpi_module "C:\iverilog\lib\ivl\vhdl_sys.vpi";
:vpi_module "C:\iverilog\lib\ivl\vhdl_textio.vpi";
:vpi_module "C:\iverilog\lib\ivl\v2005_math.vpi";
:vpi_module "C:\iverilog\lib\ivl\va_math.vpi";
S_000002cf78c86b80 .scope module, "mux2a1" "mux2a1" 2 1;
 .timescale 0 0;
    .port_info 0 /INPUT 1 "sel";
    .port_info 1 /INPUT 32 "A";
    .port_info 2 /INPUT 32 "B";
    .port_info 3 /OUTPUT 32 "out";
o000002cf78c86d18 .functor BUFZ 32, C4<zzzzzzzzzzzzzzzzzzzzzzzzzzzzzzzz>; HiZ drive
v000002cf78c536f0_0 .net "A", 31 0, o000002cf78c86d18;  0 drivers
o000002cf78c86d48 .functor BUFZ 32, C4<zzzzzzzzzzzzzzzzzzzzzzzzzzzzzzzz>; HiZ drive
v000002cf78c53360_0 .net "B", 31 0, o000002cf78c86d48;  0 drivers
v000002cf78c3d630_0 .net "out", 31 0, L_000002cf78c3d770;  1 drivers
o000002cf78c86da8 .functor BUFZ 1, C4<z>; HiZ drive
v000002cf78c3d6d0_0 .net "sel", 0 0, o000002cf78c86da8;  0 drivers
L_000002cf78c3d770 .functor MUXZ 32, o000002cf78c86d18, o000002cf78c86d48, o000002cf78c86da8, C4<>;
# The file index is used to find the file name in the following table.
:file_names 3;
    "N/A";
    "<interactive>";
    "mux.v";
