#! /c/Source/iverilog-install/bin/vvp
:ivl_version "12.0 (devel)" "(s20150603-1539-g2693dd32b)";
:ivl_delay_selection "TYPICAL";
:vpi_time_precision + 0;
:vpi_module "C:\iverilog\lib\ivl\system.vpi";
:vpi_module "C:\iverilog\lib\ivl\vhdl_sys.vpi";
:vpi_module "C:\iverilog\lib\ivl\vhdl_textio.vpi";
:vpi_module "C:\iverilog\lib\ivl\v2005_math.vpi";
:vpi_module "C:\iverilog\lib\ivl\va_math.vpi";
S_00000255204f6140 .scope module, "ALU_tb" "ALU_tb" 2 32;
 .timescale 0 0;
v00000255204f73b0_0 .var "A", 31 0;
v00000255204f7450_0 .var "B", 31 0;
v00000255204d3340_0 .net "cero", 0 0, v00000255204f62d0_0;  1 drivers
v00000255204d33e0_0 .net "comp", 0 0, v000002552050e370_0;  1 drivers
v00000255204d3480_0 .var "control", 2 0;
v00000255204d3520_0 .net "result", 31 0, v00000255204f7310_0;  1 drivers
S_00000255204f7180 .scope module, "uut" "ALU" 2 40, 2 2 0, S_00000255204f6140;
 .timescale 0 0;
    .port_info 0 /INPUT 32 "A";
    .port_info 1 /INPUT 32 "B";
    .port_info 2 /INPUT 3 "control";
    .port_info 3 /OUTPUT 32 "result";
    .port_info 4 /OUTPUT 1 "comp";
    .port_info 5 /OUTPUT 1 "cero";
v00000255204d3af0_0 .net "A", 31 0, v00000255204f73b0_0;  1 drivers
v00000255203ebf30_0 .net "B", 31 0, v00000255204f7450_0;  1 drivers
v00000255204f62d0_0 .var "cero", 0 0;
v000002552050e370_0 .var "comp", 0 0;
v00000255205046e0_0 .net "control", 2 0, v00000255204d3480_0;  1 drivers
v00000255204f7310_0 .var "result", 31 0;
E_00000255204f6f80 .event anyedge, v00000255205046e0_0, v00000255204d3af0_0, v00000255203ebf30_0, v00000255204f7310_0;
    .scope S_00000255204f7180;
T_0 ;
    %wait E_00000255204f6f80;
    %load/vec4 v00000255205046e0_0;
    %dup/vec4;
    %pushi/vec4 0, 0, 3;
    %cmp/u;
    %jmp/1 T_0.0, 6;
    %dup/vec4;
    %pushi/vec4 1, 0, 3;
    %cmp/u;
    %jmp/1 T_0.1, 6;
    %dup/vec4;
    %pushi/vec4 2, 0, 3;
    %cmp/u;
    %jmp/1 T_0.2, 6;
    %dup/vec4;
    %pushi/vec4 3, 0, 3;
    %cmp/u;
    %jmp/1 T_0.3, 6;
    %dup/vec4;
    %pushi/vec4 4, 0, 3;
    %cmp/u;
    %jmp/1 T_0.4, 6;
    %dup/vec4;
    %pushi/vec4 5, 0, 3;
    %cmp/u;
    %jmp/1 T_0.5, 6;
    %pushi/vec4 0, 0, 1;
    %store/vec4 v000002552050e370_0, 0, 1;
    %jmp T_0.8;
T_0.0 ;
    %load/vec4 v00000255204d3af0_0;
    %load/vec4 v00000255203ebf30_0;
    %add;
    %store/vec4 v00000255204f7310_0, 0, 32;
    %jmp T_0.8;
T_0.1 ;
    %load/vec4 v00000255204d3af0_0;
    %ix/getv 4, v00000255203ebf30_0;
    %shiftl 4;
    %store/vec4 v00000255204f7310_0, 0, 32;
    %jmp T_0.8;
T_0.2 ;
    %load/vec4 v00000255204d3af0_0;
    %load/vec4 v00000255203ebf30_0;
    %and;
    %store/vec4 v00000255204f7310_0, 0, 32;
    %jmp T_0.8;
T_0.3 ;
    %load/vec4 v00000255204d3af0_0;
    %cmpi/ne 0, 0, 32;
    %flag_mov 8, 4;
    %jmp/0 T_0.9, 8;
    %pushi/vec4 1, 0, 32;
    %jmp/1 T_0.10, 8;
T_0.9 ; End of true expr.
    %pushi/vec4 0, 0, 32;
    %jmp/0 T_0.10, 8;
 ; End of false expr.
    %blend;
T_0.10;
    %pad/u 1;
    %store/vec4 v000002552050e370_0, 0, 1;
    %jmp T_0.8;
T_0.4 ;
    %load/vec4 v00000255203ebf30_0;
    %load/vec4 v00000255204d3af0_0;
    %cmp/u;
    %flag_or 5, 4;
    %flag_mov 8, 5;
    %jmp/0 T_0.11, 8;
    %pushi/vec4 1, 0, 32;
    %jmp/1 T_0.12, 8;
T_0.11 ; End of true expr.
    %pushi/vec4 0, 0, 32;
    %jmp/0 T_0.12, 8;
 ; End of false expr.
    %blend;
T_0.12;
    %pad/u 1;
    %store/vec4 v000002552050e370_0, 0, 1;
    %jmp T_0.8;
T_0.5 ;
    %load/vec4 v00000255203ebf30_0;
    %store/vec4 v00000255204f7310_0, 0, 32;
    %jmp T_0.8;
T_0.6 ;
    %pushi/vec4 0, 0, 32;
    %store/vec4 v00000255204f7310_0, 0, 32;
    %jmp T_0.8;
T_0.8 ;
    %pop/vec4 1;
    %load/vec4 v00000255204f7310_0;
    %cmpi/e 0, 0, 32;
    %flag_mov 8, 4;
    %jmp/0 T_0.13, 8;
    %pushi/vec4 1, 0, 1;
    %jmp/1 T_0.14, 8;
T_0.13 ; End of true expr.
    %pushi/vec4 0, 0, 1;
    %jmp/0 T_0.14, 8;
 ; End of false expr.
    %blend;
T_0.14;
    %store/vec4 v00000255204f62d0_0, 0, 1;
    %jmp T_0;
    .thread T_0, $push;
    .scope S_00000255204f6140;
T_1 ;
    %pushi/vec4 3, 0, 32;
    %store/vec4 v00000255204f73b0_0, 0, 32;
    %pushi/vec4 4, 0, 32;
    %store/vec4 v00000255204f7450_0, 0, 32;
    %pushi/vec4 0, 0, 3;
    %store/vec4 v00000255204d3480_0, 0, 3;
    %delay 10, 0;
    %load/vec4 v00000255204d3520_0;
    %cmpi/ne 7, 0, 32;
    %jmp/0xz  T_1.0, 6;
    %vpi_call 2 55 "$display", "Error en Suma: Esperado 7, Obtenido = %h", v00000255204d3520_0 {0 0 0};
    %jmp T_1.1;
T_1.0 ;
    %vpi_call 2 57 "$display", "Suma Exitosa: Resultado = %h", v00000255204d3520_0 {0 0 0};
T_1.1 ;
    %pushi/vec4 1, 0, 32;
    %store/vec4 v00000255204f73b0_0, 0, 32;
    %pushi/vec4 2, 0, 32;
    %store/vec4 v00000255204f7450_0, 0, 32;
    %pushi/vec4 1, 0, 3;
    %store/vec4 v00000255204d3480_0, 0, 3;
    %delay 10, 0;
    %load/vec4 v00000255204d3520_0;
    %cmpi/ne 4, 0, 32;
    %jmp/0xz  T_1.2, 6;
    %vpi_call 2 64 "$display", "Error en Shift Left: Esperado 4, Obtenido = %h", v00000255204d3520_0 {0 0 0};
    %jmp T_1.3;
T_1.2 ;
    %vpi_call 2 66 "$display", "Shift Left Exitoso: Resultado = %h", v00000255204d3520_0 {0 0 0};
T_1.3 ;
    %pushi/vec4 4294967295, 0, 32;
    %store/vec4 v00000255204f73b0_0, 0, 32;
    %pushi/vec4 252645135, 0, 32;
    %store/vec4 v00000255204f7450_0, 0, 32;
    %pushi/vec4 2, 0, 3;
    %store/vec4 v00000255204d3480_0, 0, 3;
    %delay 10, 0;
    %load/vec4 v00000255204d3520_0;
    %cmpi/ne 252645135, 0, 32;
    %jmp/0xz  T_1.4, 6;
    %vpi_call 2 73 "$display", "Error en AND: Esperado 0F0F0F0F, Obtenido = %h", v00000255204d3520_0 {0 0 0};
    %jmp T_1.5;
T_1.4 ;
    %vpi_call 2 75 "$display", "AND Exitoso: Resultado = %h", v00000255204d3520_0 {0 0 0};
T_1.5 ;
    %pushi/vec4 1, 0, 32;
    %store/vec4 v00000255204f73b0_0, 0, 32;
    %pushi/vec4 3, 0, 3;
    %store/vec4 v00000255204d3480_0, 0, 3;
    %delay 10, 0;
    %load/vec4 v00000255204d33e0_0;
    %cmpi/ne 1, 0, 1;
    %jmp/0xz  T_1.6, 6;
    %vpi_call 2 81 "$display", "Error en Comparaci\303\263n de Desigualdad: Esperado 1, Obtenido = %b", v00000255204d33e0_0 {0 0 0};
    %jmp T_1.7;
T_1.6 ;
    %vpi_call 2 83 "$display", "Comparaci\303\263n de Desigualdad Exitosa: Comp = %b", v00000255204d33e0_0 {0 0 0};
T_1.7 ;
    %pushi/vec4 0, 0, 32;
    %store/vec4 v00000255204f73b0_0, 0, 32;
    %pushi/vec4 3, 0, 3;
    %store/vec4 v00000255204d3480_0, 0, 3;
    %delay 10, 0;
    %load/vec4 v00000255204d33e0_0;
    %cmpi/ne 0, 0, 1;
    %jmp/0xz  T_1.8, 6;
    %vpi_call 2 89 "$display", "Error en Comparaci\303\263n de Desigualdad: Esperado 0, Obtenido = %b", v00000255204d33e0_0 {0 0 0};
    %jmp T_1.9;
T_1.8 ;
    %vpi_call 2 91 "$display", "Comparaci\303\263n de Desigualdad Exitosa: Comp = %b", v00000255204d33e0_0 {0 0 0};
T_1.9 ;
    %pushi/vec4 5, 0, 32;
    %store/vec4 v00000255204f73b0_0, 0, 32;
    %pushi/vec4 3, 0, 32;
    %store/vec4 v00000255204f7450_0, 0, 32;
    %pushi/vec4 4, 0, 3;
    %store/vec4 v00000255204d3480_0, 0, 3;
    %delay 10, 0;
    %load/vec4 v00000255204d33e0_0;
    %cmpi/ne 1, 0, 1;
    %jmp/0xz  T_1.10, 6;
    %vpi_call 2 98 "$display", "Error en Comparaci\303\263n Mayor o Igual: Esperado 1, Obtenido = %b", v00000255204d33e0_0 {0 0 0};
    %jmp T_1.11;
T_1.10 ;
    %vpi_call 2 100 "$display", "Comparaci\303\263n Mayor o Igual Exitosa: Comp = %b", v00000255204d33e0_0 {0 0 0};
T_1.11 ;
    %pushi/vec4 2, 0, 32;
    %store/vec4 v00000255204f73b0_0, 0, 32;
    %pushi/vec4 3, 0, 32;
    %store/vec4 v00000255204f7450_0, 0, 32;
    %pushi/vec4 4, 0, 3;
    %store/vec4 v00000255204d3480_0, 0, 3;
    %delay 10, 0;
    %load/vec4 v00000255204d33e0_0;
    %cmpi/ne 0, 0, 1;
    %jmp/0xz  T_1.12, 6;
    %vpi_call 2 107 "$display", "Error en Comparaci\303\263n Mayor o Igual: Esperado 0, Obtenido = %b", v00000255204d33e0_0 {0 0 0};
    %jmp T_1.13;
T_1.12 ;
    %vpi_call 2 109 "$display", "Comparaci\303\263n Mayor o Igual Exitosa: Comp = %b", v00000255204d33e0_0 {0 0 0};
T_1.13 ;
    %pushi/vec4 0, 0, 32;
    %store/vec4 v00000255204f73b0_0, 0, 32;
    %pushi/vec4 305419896, 0, 32;
    %store/vec4 v00000255204f7450_0, 0, 32;
    %pushi/vec4 5, 0, 3;
    %store/vec4 v00000255204d3480_0, 0, 3;
    %delay 10, 0;
    %load/vec4 v00000255204d3520_0;
    %cmpi/ne 305419896, 0, 32;
    %jmp/0xz  T_1.14, 6;
    %vpi_call 2 116 "$display", "Error en Pasar B: Esperado 12345678, Obtenido = %h", v00000255204d3520_0 {0 0 0};
    %jmp T_1.15;
T_1.14 ;
    %vpi_call 2 118 "$display", "Pasar B Exitoso: Resultado = %h", v00000255204d3520_0 {0 0 0};
T_1.15 ;
    %vpi_call 2 121 "$display", "Test completo." {0 0 0};
    %vpi_call 2 122 "$finish" {0 0 0};
    %end;
    .thread T_1;
# The file index is used to find the file name in the following table.
:file_names 3;
    "N/A";
    "<interactive>";
    "ALU.v";
