#! /c/Source/iverilog-install/bin/vvp
:ivl_version "12.0 (devel)" "(s20150603-1539-g2693dd32b)";
:ivl_delay_selection "TYPICAL";
:vpi_time_precision + 0;
:vpi_module "C:\iverilog\lib\ivl\system.vpi";
:vpi_module "C:\iverilog\lib\ivl\vhdl_sys.vpi";
:vpi_module "C:\iverilog\lib\ivl\vhdl_textio.vpi";
:vpi_module "C:\iverilog\lib\ivl\v2005_math.vpi";
:vpi_module "C:\iverilog\lib\ivl\va_math.vpi";
S_000001d29b6f7b80 .scope module, "tb_DataMemory" "tb_DataMemory" 2 73;
 .timescale 0 0;
v000001d29b749f60_0 .var "MemRead", 0 0;
v000001d29b749100_0 .var "MemWrite", 0 0;
v000001d29b749920_0 .var "clk", 0 0;
v000001d29b749ec0_0 .var "direccion", 31 0;
v000001d29b7492e0_0 .var "escritura_datos", 31 0;
v000001d29b749e20_0 .net "leer_datos", 31 0, L_000001d29b749600;  1 drivers
v000001d29b7497e0_0 .var "reset", 0 0;
v000001d29b749420_0 .var "sb", 0 0;
S_000001d29b6dcbe0 .scope module, "uut" "DataMemory" 2 86, 2 2 0, S_000001d29b6f7b80;
 .timescale 0 0;
    .port_info 0 /INPUT 1 "clk";
    .port_info 1 /INPUT 1 "reset";
    .port_info 2 /INPUT 1 "MemWrite";
    .port_info 3 /INPUT 1 "MemRead";
    .port_info 4 /INPUT 1 "sb";
    .port_info 5 /INPUT 32 "direccion";
    .port_info 6 /INPUT 32 "escritura_datos";
    .port_info 7 /OUTPUT 32 "leer_datos";
v000001d29b69b650_0 .net "MemRead", 0 0, v000001d29b749f60_0;  1 drivers
v000001d29b69b6f0_0 .net "MemWrite", 0 0, v000001d29b749100_0;  1 drivers
v000001d29b6b34d0_0 .net *"_ivl_4", 31 0, L_000001d29b749060;  1 drivers
L_000001d29b74a028 .functor BUFT 1, C4<00000000000000000000000000000000>, C4<0>, C4<0>, C4<0>;
v000001d29b6b3570_0 .net/2u *"_ivl_6", 31 0, L_000001d29b74a028;  1 drivers
v000001d29b6b3610_0 .net "clk", 0 0, v000001d29b749920_0;  1 drivers
v000001d29b6b36b0_0 .net "direccion", 31 0, v000001d29b749ec0_0;  1 drivers
v000001d29b7496a0_0 .net "direccion_palabra", 4 0, L_000001d29b7491a0;  1 drivers
v000001d29b749240_0 .net "escritura_datos", 31 0, v000001d29b7492e0_0;  1 drivers
v000001d29b749ce0_0 .net "leer_datos", 31 0, L_000001d29b749600;  alias, 1 drivers
v000001d29b749380 .array "memoria_datos", 0 31, 31 0;
v000001d29b7494c0_0 .net "offset", 1 0, L_000001d29b749880;  1 drivers
v000001d29b749d80_0 .net "reset", 0 0, v000001d29b7497e0_0;  1 drivers
v000001d29b749560_0 .net "sb", 0 0, v000001d29b749420_0;  1 drivers
E_000001d29b6dcaa0 .event posedge, v000001d29b749d80_0, v000001d29b6b3610_0;
L_000001d29b7491a0 .part v000001d29b749ec0_0, 2, 5;
L_000001d29b749880 .part v000001d29b749ec0_0, 0, 2;
L_000001d29b749060 .array/port v000001d29b749380, v000001d29b749ec0_0;
L_000001d29b749600 .functor MUXZ 32, L_000001d29b74a028, L_000001d29b749060, v000001d29b749f60_0, C4<>;
S_000001d29b6de2a0 .scope begin, "$ivl_for_loop0" "$ivl_for_loop0" 2 34, 2 34 0, S_000001d29b6dcbe0;
 .timescale 0 0;
v000001d29b6b39a0_0 .var/i "k", 31 0;
S_000001d29b6de430 .scope begin, "$ivl_for_loop1" "$ivl_for_loop1" 2 45, 2 45 0, S_000001d29b6dcbe0;
 .timescale 0 0;
v000001d29b6f7d10_0 .var/i "k", 31 0;
S_000001d29b6b3340 .scope task, "dump_memory" "dump_memory" 2 16, 2 16 0, S_000001d29b6dcbe0;
 .timescale 0 0;
v000001d29b6dcd70_0 .var/i "file", 31 0;
v000001d29b6de5c0_0 .var/i "i", 31 0;
TD_tb_DataMemory.uut.dump_memory ;
    %vpi_func 2 19 "$fopen" 32, "data_memory_dump.txt", "w" {0 0 0};
    %store/vec4 v000001d29b6dcd70_0, 0, 32;
    %load/vec4 v000001d29b6dcd70_0;
    %cmpi/ne 0, 0, 32;
    %jmp/0xz  T_0.0, 4;
    %pushi/vec4 0, 0, 32;
    %store/vec4 v000001d29b6de5c0_0, 0, 32;
T_0.2 ;
    %load/vec4 v000001d29b6de5c0_0;
    %cmpi/s 32, 0, 32;
    %jmp/0xz T_0.3, 5;
    %vpi_call 2 22 "$fwrite", v000001d29b6dcd70_0, "memoria_datos[%0d] = %h\012", v000001d29b6de5c0_0, &A<v000001d29b749380, v000001d29b6de5c0_0 > {0 0 0};
    %load/vec4 v000001d29b6de5c0_0;
    %addi 1, 0, 32;
    %store/vec4 v000001d29b6de5c0_0, 0, 32;
    %jmp T_0.2;
T_0.3 ;
    %vpi_call 2 24 "$fclose", v000001d29b6dcd70_0 {0 0 0};
    %jmp T_0.1;
T_0.0 ;
    %vpi_call 2 26 "$display", "Error abriendo el archivo." {0 0 0};
T_0.1 ;
    %end;
    .scope S_000001d29b6dcbe0;
T_1 ;
    %fork t_1, S_000001d29b6de2a0;
    %jmp t_0;
    .scope S_000001d29b6de2a0;
t_1 ;
    %pushi/vec4 0, 0, 32;
    %store/vec4 v000001d29b6b39a0_0, 0, 32;
T_1.0 ;
    %load/vec4 v000001d29b6b39a0_0;
    %cmpi/s 32, 0, 32;
    %jmp/0xz T_1.1, 5;
    %pushi/vec4 0, 0, 32;
    %ix/getv/s 4, v000001d29b6b39a0_0;
    %store/vec4a v000001d29b749380, 4, 0;
    %load/vec4 v000001d29b6b39a0_0;
    %addi 1, 0, 32;
    %store/vec4 v000001d29b6b39a0_0, 0, 32;
    %jmp T_1.0;
T_1.1 ;
    %end;
    .scope S_000001d29b6dcbe0;
t_0 %join;
    %end;
    .thread T_1;
    .scope S_000001d29b6dcbe0;
T_2 ;
    %wait E_000001d29b6dcaa0;
    %load/vec4 v000001d29b749d80_0;
    %flag_set/vec4 8;
    %jmp/0xz  T_2.0, 8;
    %fork t_3, S_000001d29b6de430;
    %jmp t_2;
    .scope S_000001d29b6de430;
t_3 ;
    %pushi/vec4 0, 0, 32;
    %store/vec4 v000001d29b6f7d10_0, 0, 32;
T_2.2 ;
    %load/vec4 v000001d29b6f7d10_0;
    %cmpi/s 32, 0, 32;
    %jmp/0xz T_2.3, 5;
    %pushi/vec4 0, 0, 32;
    %ix/getv/s 4, v000001d29b6f7d10_0;
    %store/vec4a v000001d29b749380, 4, 0;
    %load/vec4 v000001d29b6f7d10_0;
    %addi 1, 0, 32;
    %store/vec4 v000001d29b6f7d10_0, 0, 32;
    %jmp T_2.2;
T_2.3 ;
    %end;
    .scope S_000001d29b6dcbe0;
t_2 %join;
    %jmp T_2.1;
T_2.0 ;
    %load/vec4 v000001d29b69b6f0_0;
    %flag_set/vec4 8;
    %jmp/0xz  T_2.4, 8;
    %load/vec4 v000001d29b749560_0;
    %flag_set/vec4 8;
    %jmp/0xz  T_2.6, 8;
    %load/vec4 v000001d29b7494c0_0;
    %dup/vec4;
    %pushi/vec4 3, 0, 2;
    %cmp/u;
    %jmp/1 T_2.8, 6;
    %dup/vec4;
    %pushi/vec4 2, 0, 2;
    %cmp/u;
    %jmp/1 T_2.9, 6;
    %dup/vec4;
    %pushi/vec4 1, 0, 2;
    %cmp/u;
    %jmp/1 T_2.10, 6;
    %dup/vec4;
    %pushi/vec4 0, 0, 2;
    %cmp/u;
    %jmp/1 T_2.11, 6;
    %jmp T_2.12;
T_2.8 ;
    %load/vec4 v000001d29b749240_0;
    %parti/s 8, 0, 2;
    %load/vec4 v000001d29b7496a0_0;
    %pad/u 7;
    %ix/vec4 4;
    %flag_mov 8, 4;
    %ix/load 5, 0, 0;
    %flag_set/imm 4, 0;
    %flag_or 4, 8;
    %store/vec4a v000001d29b749380, 4, 5;
    %jmp T_2.12;
T_2.9 ;
    %load/vec4 v000001d29b749240_0;
    %parti/s 8, 0, 2;
    %load/vec4 v000001d29b7496a0_0;
    %pad/u 7;
    %ix/vec4 4;
    %flag_mov 8, 4;
    %ix/load 5, 8, 0;
    %flag_set/imm 4, 0;
    %flag_or 4, 8;
    %store/vec4a v000001d29b749380, 4, 5;
    %jmp T_2.12;
T_2.10 ;
    %load/vec4 v000001d29b749240_0;
    %parti/s 8, 0, 2;
    %load/vec4 v000001d29b7496a0_0;
    %pad/u 7;
    %ix/vec4 4;
    %flag_mov 8, 4;
    %ix/load 5, 16, 0;
    %flag_set/imm 4, 0;
    %flag_or 4, 8;
    %store/vec4a v000001d29b749380, 4, 5;
    %jmp T_2.12;
T_2.11 ;
    %load/vec4 v000001d29b749240_0;
    %parti/s 8, 0, 2;
    %load/vec4 v000001d29b7496a0_0;
    %pad/u 7;
    %ix/vec4 4;
    %flag_mov 8, 4;
    %ix/load 5, 24, 0;
    %flag_set/imm 4, 0;
    %flag_or 4, 8;
    %store/vec4a v000001d29b749380, 4, 5;
    %jmp T_2.12;
T_2.12 ;
    %pop/vec4 1;
    %jmp T_2.7;
T_2.6 ;
    %load/vec4 v000001d29b749240_0;
    %ix/getv 4, v000001d29b6b36b0_0;
    %store/vec4a v000001d29b749380, 4, 0;
T_2.7 ;
T_2.4 ;
T_2.1 ;
    %jmp T_2;
    .thread T_2;
    .scope S_000001d29b6f7b80;
T_3 ;
    %delay 5, 0;
    %load/vec4 v000001d29b749920_0;
    %inv;
    %store/vec4 v000001d29b749920_0, 0, 1;
    %jmp T_3;
    .thread T_3;
    .scope S_000001d29b6f7b80;
T_4 ;
    %pushi/vec4 0, 0, 1;
    %store/vec4 v000001d29b749920_0, 0, 1;
    %pushi/vec4 1, 0, 1;
    %store/vec4 v000001d29b7497e0_0, 0, 1;
    %pushi/vec4 0, 0, 1;
    %store/vec4 v000001d29b749100_0, 0, 1;
    %pushi/vec4 0, 0, 1;
    %store/vec4 v000001d29b749f60_0, 0, 1;
    %pushi/vec4 0, 0, 1;
    %store/vec4 v000001d29b749420_0, 0, 1;
    %pushi/vec4 0, 0, 32;
    %store/vec4 v000001d29b749ec0_0, 0, 32;
    %pushi/vec4 0, 0, 32;
    %store/vec4 v000001d29b7492e0_0, 0, 32;
    %delay 10, 0;
    %pushi/vec4 0, 0, 1;
    %store/vec4 v000001d29b7497e0_0, 0, 1;
    %pushi/vec4 5, 0, 32;
    %store/vec4 v000001d29b749ec0_0, 0, 32;
    %pushi/vec4 3735928559, 0, 32;
    %store/vec4 v000001d29b7492e0_0, 0, 32;
    %pushi/vec4 1, 0, 1;
    %store/vec4 v000001d29b749100_0, 0, 1;
    %delay 10, 0;
    %pushi/vec4 0, 0, 1;
    %store/vec4 v000001d29b749100_0, 0, 1;
    %pushi/vec4 1, 0, 1;
    %store/vec4 v000001d29b749f60_0, 0, 1;
    %delay 10, 0;
    %load/vec4 v000001d29b749e20_0;
    %cmpi/ne 3735928559, 0, 32;
    %jmp/0xz  T_4.0, 6;
    %vpi_call 2 123 "$display", "Lectura incorrecta" {0 0 0};
    %jmp T_4.1;
T_4.0 ;
    %vpi_call 2 124 "$display", "Lectura correcta" {0 0 0};
T_4.1 ;
    %pushi/vec4 0, 0, 1;
    %store/vec4 v000001d29b749f60_0, 0, 1;
    %delay 10, 0;
    %pushi/vec4 10, 0, 32;
    %store/vec4 v000001d29b749ec0_0, 0, 32;
    %pushi/vec4 284287, 0, 32;
    %store/vec4 v000001d29b7492e0_0, 0, 32;
    %pushi/vec4 1, 0, 1;
    %store/vec4 v000001d29b749100_0, 0, 1;
    %pushi/vec4 1, 0, 1;
    %store/vec4 v000001d29b749420_0, 0, 1;
    %delay 10, 0;
    %pushi/vec4 0, 0, 1;
    %store/vec4 v000001d29b749100_0, 0, 1;
    %pushi/vec4 0, 0, 1;
    %store/vec4 v000001d29b749420_0, 0, 1;
    %pushi/vec4 2, 0, 32;
    %store/vec4 v000001d29b749ec0_0, 0, 32;
    %pushi/vec4 1, 0, 1;
    %store/vec4 v000001d29b749f60_0, 0, 1;
    %delay 10, 0;
    %vpi_call 2 141 "$display", "Datos le\303\255dos para store byte: %b", v000001d29b749e20_0 {0 0 0};
    %load/vec4 v000001d29b749e20_0;
    %parti/s 8, 8, 5;
    %cmpi/ne 127, 0, 8;
    %jmp/0xz  T_4.2, 6;
    %vpi_call 2 142 "$display", "Store byte incorrecto" {0 0 0};
    %jmp T_4.3;
T_4.2 ;
    %vpi_call 2 143 "$display", "Store byte correcto" {0 0 0};
T_4.3 ;
    %pushi/vec4 0, 0, 1;
    %store/vec4 v000001d29b749f60_0, 0, 1;
    %fork TD_tb_DataMemory.uut.dump_memory, S_000001d29b6b3340;
    %join;
    %vpi_call 2 146 "$finish" {0 0 0};
    %end;
    .thread T_4;
# The file index is used to find the file name in the following table.
:file_names 3;
    "N/A";
    "<interactive>";
    "DataMemory.v";
